<?xml version="1.0" encoding="UTF-8"?>
<!-- Generated by org.testng.reporters.JUnitReportReporter -->
<testsuite hostname="Gentekss-MacBook-Pro.local" failures="0" tests="1" name="web.tests.sculptnation.SNLoginTest" time="14.580" errors="0" timestamp="21 Jan 2021 21:20:37 GMT" skipped="0">
  <testcase classname="web.tests.sculptnation.SNLoginTest" name="loginLogoutTest" time="14.580"/>
</testsuite> <!-- web.tests.sculptnation.SNLoginTest -->
