<?xml version="1.0" encoding="UTF-8"?>
<!-- Generated by org.testng.reporters.JUnitReportReporter -->
<testsuite hostname="Gentekss-MacBook-Pro.local" failures="0" tests="1" name="web.tests.sculptnation.SNLogInOutTest" time="14.581" errors="0" timestamp="22 Jan 2021 02:25:03 GMT" skipped="0">
  <testcase classname="web.tests.sculptnation.SNLogInOutTest" name="loginLogoutTest" time="14.581"/>
</testsuite> <!-- web.tests.sculptnation.SNLogInOutTest -->
