<?xml version="1.0" encoding="UTF-8"?>
<!-- Generated by org.testng.reporters.JUnitReportReporter -->
<testsuite hostname="Gentekss-MacBook-Pro.local" failures="0" tests="1" name="web.tests.sculptnation.loginTests.SNLogInOutTest" time="21.795" errors="0" timestamp="03 Apr 2021 01:17:35 GMT" skipped="0">
  <testcase classname="web.tests.sculptnation.loginTests.SNLogInOutTest" name="loginLogoutTest" time="21.795"/>
</testsuite> <!-- web.tests.sculptnation.loginTests.SNLogInOutTest -->
